<?xml version="1.0" encoding="utf-8"?><testsuites><testsuite name="pytest" errors="0" failures="0" skipped="0" tests="2" time="10.257" timestamp="2021-10-06T15:36:48.621105" hostname="BDOMO-DT264615"><testcase classname="tests.test_obsreader" name="test_read_stations[data/gwdata/periodic_gwl/stations.csv]" time="0.652" /><testcase classname="tests.test_obsreader" name="test_read_measurements[data/gwdata/periodic_gwl/stations.csv-data/gwdata/periodic_gwl/measurements.csv]" time="7.053" /></testsuite></testsuites>